<?xml version="1.0" encoding="UTF-8"?>
<!-- Generated by org.testng.reporters.JUnitXMLReporter -->
<testsuite ignored="0" hostname="CAI-2CB53D3" failures="0" tests="4" name="Test 1 stem " time="7.752" errors="0" timestamp="2022-05-31T21:09:55 EDT">
  <testcase classname="org.stem.moviedb.client.test.TestMovieDBClient" name="AssertListedMovieName" time="3.26"/>
  <testcase classname="org.stem.moviedb.client.test.TestMovieDBClient" name="AssertMoviePlotAndRunTime" time="0.248"/>
  <testcase classname="org.stem.moviedb.client.test.TestMovieDBClient" name="AssertMovieReleasedDateAndDirectorName" time="2.091"/>
  <testcase classname="org.stem.moviedb.client.test.TestMovieDBClient" name="AssertResultsCount" time="1.879"/>
</testsuite> <!-- Test 1 stem  -->
