<?xml version="1.0" encoding="UTF-8"?>
<!-- Generated by org.testng.reporters.JUnitXMLReporter -->
<testsuite ignored="0" hostname="CAI-2CB53D3" failures="0" tests="4" name="Test 2" time="8.918" errors="0" timestamp="2022-05-31T21:07:15 EDT">
  <testcase classname="org.stem.moviedb.client.test.TestMovieDBClient" name="AssertListedMovieName" time="2.869"/>
  <testcase classname="org.stem.moviedb.client.test.TestMovieDBClient" name="AssertMoviePlotAndRunTime" time="0.393"/>
  <testcase classname="org.stem.moviedb.client.test.TestMovieDBClient" name="AssertMovieReleasedDateAndDirectorName" time="2.907"/>
  <testcase classname="org.stem.moviedb.client.test.TestMovieDBClient" name="AssertResultsCount" time="2.716"/>
</testsuite> <!-- Test 2 -->
