<?xml version="1.0" encoding="UTF-8"?>
<!-- Generated by org.testng.reporters.JUnitXMLReporter -->
<testsuite ignored="0" hostname="CAI-2CB53D3" failures="0" tests="4" name="Test 2 avatar " time="9.41" errors="0" timestamp="2022-05-31T21:10:05 EDT">
  <testcase classname="org.stem.moviedb.client.test.TestMovieDBClient" name="AssertListedMovieName" time="2.934"/>
  <testcase classname="org.stem.moviedb.client.test.TestMovieDBClient" name="AssertMoviePlotAndRunTime" time="0.395"/>
  <testcase classname="org.stem.moviedb.client.test.TestMovieDBClient" name="AssertMovieReleasedDateAndDirectorName" time="3.235"/>
  <testcase classname="org.stem.moviedb.client.test.TestMovieDBClient" name="AssertResultsCount" time="2.812"/>
</testsuite> <!-- Test 2 avatar  -->
