<?xml version="1.0" encoding="UTF-8"?>
<!-- Generated by org.testng.reporters.JUnitXMLReporter -->
<testsuite ignored="0" hostname="CAI-2CB53D3" failures="0" tests="4" name="Test 1" time="7.928" errors="0" timestamp="2022-05-31T21:07:06 EDT">
  <testcase classname="org.stem.moviedb.client.test.TestMovieDBClient" name="AssertListedMovieName" time="3.452"/>
  <testcase classname="org.stem.moviedb.client.test.TestMovieDBClient" name="AssertMoviePlotAndRunTime" time="0.288"/>
  <testcase classname="org.stem.moviedb.client.test.TestMovieDBClient" name="AssertMovieReleasedDateAndDirectorName" time="2.133"/>
  <testcase classname="org.stem.moviedb.client.test.TestMovieDBClient" name="AssertResultsCount" time="1.791"/>
</testsuite> <!-- Test 1 -->
